<?xml version="1.0" encoding="UTF-8"?>
<!-- Generated by org.testng.reporters.JUnitReportReporter -->
<testsuite hostname="Bharaths-MacBook-Pro.local" failures="0" tests="1" name="testcases.TestCase1" time="14.106" errors="0" timestamp="2025-07-09T14:20:54 IST" skipped="0">
  <testcase classname="testcases.TestCase1" name="comparePrices" time="14.106"/>
</testsuite> <!-- testcases.TestCase1 -->
